{"/Users/jonmisner/practiceCoding/bonusCB/bonus.js": {"path":"/Users/jonmisner/practiceCoding/bonusCB/bonus.js","statementMap":{"0":{"start":{"line":1,"column":18},"end":{"line":1,"column":96}},"1":{"start":{"line":2,"column":18},"end":{"line":2,"column":60}},"2":{"start":{"line":4,"column":21},"end":{"line":13,"column":1}},"3":{"start":{"line":6,"column":0},"end":{"line":12,"column":1}},"4":{"start":{"line":7,"column":3},"end":{"line":11,"column":4}},"5":{"start":{"line":8,"column":6},"end":{"line":10,"column":7}},"6":{"start":{"line":9,"column":9},"end":{"line":9,"column":30}},"7":{"start":{"line":15,"column":0},"end":{"line":15,"column":35}},"8":{"start":{"line":17,"column":0},"end":{"line":17,"column":30}}},"fnMap":{"0":{"name":"(anonymous_0)","decl":{"start":{"line":4,"column":21},"end":{"line":4,"column":22}},"loc":{"start":{"line":4,"column":37},"end":{"line":13,"column":1}},"line":4}},"branchMap":{"0":{"loc":{"start":{"line":8,"column":6},"end":{"line":10,"column":7}},"type":"if","locations":[{"start":{"line":8,"column":6},"end":{"line":10,"column":7}},{"start":{"line":8,"column":6},"end":{"line":10,"column":7}}],"line":8}},"s":{"0":1,"1":1,"2":1,"3":2,"4":18,"5":90,"6":6,"7":1,"8":1},"f":{"0":2},"b":{"0":[6,84]},"_coverageSchema":"1a1c01bbd47fc00a2c39e90264f33305004495a9","hash":"0642ee9d7606dc69bf8d615c9835ae3c70937796"}
}
